2020-10-07 22:31:06 INFO  App:15 - Starting App...
2020-10-07 22:37:44 INFO  App:15 - Starting App...
2020-10-07 22:37:54 INFO  Issues:14 - Hello from inserter method!
2020-10-07 22:46:48 INFO  App:15 - Starting App...
2020-10-07 22:46:52 INFO  App:57 - invoke insertInfo method
2020-10-07 22:46:53 INFO  Issues:13 - Hello from inserter method!
2020-10-07 22:48:02 INFO  App:15 - Starting App...
2020-10-07 22:48:08 INFO  App:57 - invoke insertInfo method
2020-10-07 22:48:10 INFO  Issues:13 - Hello from inserter method!
2020-10-07 22:49:12 INFO  App:15 - Starting App...
2020-10-07 22:49:16 INFO  App:57 - invoke insertInfo method
2020-10-07 22:51:00 INFO  App:15 - Starting App...
2020-10-07 22:51:03 INFO  App:57 - invoke insertInfo method
2020-10-07 22:51:54 INFO  App:15 - Starting App...
2020-10-07 22:51:58 INFO  App:57 - invoke insertInfo method
2020-10-07 22:52:52 INFO  App:15 - Starting App...
2020-10-07 22:52:52 ERROR App:21 - exception : {}
2020-10-07 22:54:04 INFO  App:15 - Starting App...
2020-10-07 22:54:09 INFO  App:57 - invoke insertInfo method
2020-10-07 22:54:40 INFO  App:15 - Starting App...
2020-10-07 22:54:43 INFO  App:57 - invoke insertInfo method
2020-10-07 22:55:53 INFO  App:15 - Starting App...
2020-10-07 22:55:59 INFO  App:57 - invoke insertInfo method
2020-10-07 22:56:29 INFO  App:15 - Starting App...
2020-10-07 23:05:30 INFO  App:15 - Starting App...
2020-10-07 23:05:47 INFO  App:55 - Invoke insertInfo method
